Using pre-set license
Built from '2020.2/release' branch; Version is '2020.2.2f1 (068178b99f32) revision 426360'; Using compiler version '192528614'; Build Type 'Release'
OS: 'Windows 10 Education; OS build 18363.1621; Version 1909; 64bit' Language: 'en' Physical Memory: 16300 MB
BatchMode: 1, IsHumanControllingUs: 0, StartBugReporterOnCrash: 0, Is64bit: 1, IsPro: 0

 COMMAND LINE ARGUMENTS:
C:\Program Files\Unity\Hub\Editor\2020.2.2f1\Unity\Editor\Unity.exe
-adb2
-batchMode
-noUpm
-name
AssetImportWorker0
-projectPath
C:/Unity Projects/InfernoKingGrimm
-logFile
Logs/AssetImportWorker0.log
-srvPort
22049
Successfully changed project path to: C:/Unity Projects/InfernoKingGrimm
C:/Unity Projects/InfernoKingGrimm
Using Asset Import Pipeline V2.
Default GameObject Tag: MainCamera already registered

Default GameObject Tag: Player already registered

Refreshing native plugins compatible for Editor in 60.13 ms, found 2 plugins.
Preloading 0 native plugins for Editor in 0.00 ms.
Initialize engine version: 2020.2.2f1 (068178b99f32)
[Subsystems] Discovering subsystems at path C:/Program Files/Unity/Hub/Editor/2020.2.2f1/Unity/Editor/Data/Resources/UnitySubsystems
[Subsystems] Discovering subsystems at path C:/Unity Projects/InfernoKingGrimm/Assets
GfxDevice: creating device client; threaded=0
Direct3D:
    Version:  Direct3D 11.0 [level 11.1]
    Renderer: NVIDIA GeForce GTX 1660 SUPER (ID=0x21c4)
    Vendor:   
    VRAM:     5991 MB
    Driver:   27.21.14.6647
Initialize mono
Mono path[0] = 'C:/Program Files/Unity/Hub/Editor/2020.2.2f1/Unity/Editor/Data/Managed'
Mono path[1] = 'C:/Program Files/Unity/Hub/Editor/2020.2.2f1/Unity/Editor/Data/MonoBleedingEdge/lib/mono/unityjit'
Mono config path = 'C:/Program Files/Unity/Hub/Editor/2020.2.2f1/Unity/Editor/Data/MonoBleedingEdge/etc'
Using monoOptions --debugger-agent=transport=dt_socket,embedding=1,server=y,suspend=n,address=127.0.0.1:56328
Begin MonoManager ReloadAssembly
Registering precompiled unity dll's ...
Register platform support module: C:/Program Files/Unity/Hub/Editor/2020.2.2f1/Unity/Editor/Data/PlaybackEngines/MacStandaloneSupport/UnityEditor.OSXStandalone.Extensions.dll
Register platform support module: C:/Program Files/Unity/Hub/Editor/2020.2.2f1/Unity/Editor/Data/PlaybackEngines/WindowsStandaloneSupport/UnityEditor.WindowsStandalone.Extensions.dll
Register platform support module: C:/Program Files/Unity/Hub/Editor/2020.2.2f1/Unity/Editor/Data/PlaybackEngines/LinuxStandaloneSupport/UnityEditor.LinuxStandalone.Extensions.dll
Registered in 0.003910 seconds.
Native extension for LinuxStandalone target not found
Native extension for WindowsStandalone target not found
Native extension for OSXStandalone target not found
Refreshing native plugins compatible for Editor in 50.10 ms, found 2 plugins.
Preloading 0 native plugins for Editor in 0.00 ms.
Invoked RoslynAnalysisRunner static constructor.
RoslynAnalysisRunner will not be running.
RoslynAnalysisRunner has terminated.
Mono: successfully reloaded assembly
- Completed reload, in  1.213 seconds
Platform modules already initialized, skipping
Registering precompiled user dll's ...
Registered in 0.007602 seconds.
Begin MonoManager ReloadAssembly
Native extension for LinuxStandalone target not found
Native extension for WindowsStandalone target not found
Native extension for OSXStandalone target not found
Refreshing native plugins compatible for Editor in 0.56 ms, found 2 plugins.
Preloading 0 native plugins for Editor in 0.00 ms.
Invoked RoslynAnalysisRunner static constructor.
RoslynAnalysisRunner will not be running.
RoslynAnalysisRunner has terminated.
Mono: successfully reloaded assembly
- Completed reload, in  1.962 seconds
Platform modules already initialized, skipping
========================================================================
Worker process is ready to serve import requests
Default GameObject Tag: MainCamera already registered

Default GameObject Tag: Player already registered

Launched and connected shader compiler UnityShaderCompiler.exe after 0.05 seconds
Refreshing native plugins compatible for Editor in 0.52 ms, found 2 plugins.
Preloading 0 native plugins for Editor in 0.00 ms.
Unloading 1946 Unused Serialized files (Serialized files now loaded: 0)
System memory in use before: 80.6 MB.
System memory in use after: 80.7 MB.

Unloading 44 unused Assets to reduce memory usage. Loaded Objects now: 2366.
Total: 2.347900 ms (FindLiveObjects: 0.194500 ms CreateObjectMapping: 0.048100 ms MarkObjects: 2.030800 ms  DeleteObjects: 0.073500 ms)

========================================================================
Received Import Request.
  path: Assets/Prefabs/Grimm Fire Pillar.prefab
  artifactKey: Guid(a0157e492b120c349a8f0976f216ec11) Importer(815301076,1909f56bfc062723c751e8b465ee728b)
Start importing Assets/Prefabs/Grimm Fire Pillar.prefab using Guid(a0157e492b120c349a8f0976f216ec11) Importer(815301076,1909f56bfc062723c751e8b465ee728b)  -> (artifact id: '80b36694e280caae1f9f099586036e45') in 0.124119 seconds
  Import took 0.127403 seconds .

========================================================================
Received Import Request.
  Time since last request: 1.977840 seconds.
  path: Assets/Material/Particle_wispy_flame.mat
  artifactKey: Guid(d2878fa3ad6f3b846adf2ac7379ca97d) Importer(815301076,1909f56bfc062723c751e8b465ee728b)
Start importing Assets/Material/Particle_wispy_flame.mat using Guid(d2878fa3ad6f3b846adf2ac7379ca97d) Importer(815301076,1909f56bfc062723c751e8b465ee728b)  -> (artifact id: '5169089c0fcd949028f7fb7067735351') in 0.032884 seconds
  Import took 0.036461 seconds .

========================================================================
Received Prepare
Default GameObject Tag: MainCamera already registered

Default GameObject Tag: Player already registered

Registering precompiled user dll's ...
Registered in 0.012190 seconds.
Begin MonoManager ReloadAssembly
Native extension for LinuxStandalone target not found
Native extension for WindowsStandalone target not found
Native extension for OSXStandalone target not found
Refreshing native plugins compatible for Editor in 0.58 ms, found 2 plugins.
Preloading 0 native plugins for Editor in 0.00 ms.
Invoked RoslynAnalysisRunner static constructor.
RoslynAnalysisRunner will not be running.
RoslynAnalysisRunner has terminated.
Mono: successfully reloaded assembly
- Completed reload, in  2.180 seconds
Platform modules already initialized, skipping
Refreshing native plugins compatible for Editor in 0.90 ms, found 2 plugins.
Preloading 0 native plugins for Editor in 0.00 ms.
Unloading 1927 Unused Serialized files (Serialized files now loaded: 0)
System memory in use before: 82.9 MB.
System memory in use after: 83.1 MB.

Unloading 35 unused Assets to reduce memory usage. Loaded Objects now: 2408.
Total: 3.753800 ms (FindLiveObjects: 0.323700 ms CreateObjectMapping: 0.059800 ms MarkObjects: 3.333300 ms  DeleteObjects: 0.035200 ms)

========================================================================
Received Prepare
Default GameObject Tag: MainCamera already registered

Default GameObject Tag: Player already registered

Registering precompiled user dll's ...
Registered in 0.007964 seconds.
Begin MonoManager ReloadAssembly
Native extension for LinuxStandalone target not found
Native extension for WindowsStandalone target not found
Native extension for OSXStandalone target not found
Refreshing native plugins compatible for Editor in 0.58 ms, found 2 plugins.
Preloading 0 native plugins for Editor in 0.00 ms.
Invoked RoslynAnalysisRunner static constructor.
RoslynAnalysisRunner will not be running.
RoslynAnalysisRunner has terminated.
Mono: successfully reloaded assembly
- Completed reload, in  1.861 seconds
Platform modules already initialized, skipping
Refreshing native plugins compatible for Editor in 0.65 ms, found 2 plugins.
Preloading 0 native plugins for Editor in 0.00 ms.
Unloading 1927 Unused Serialized files (Serialized files now loaded: 0)
System memory in use before: 83.1 MB.
System memory in use after: 83.3 MB.

Unloading 35 unused Assets to reduce memory usage. Loaded Objects now: 2410.
Total: 2.483600 ms (FindLiveObjects: 0.255900 ms CreateObjectMapping: 0.047600 ms MarkObjects: 2.152000 ms  DeleteObjects: 0.026600 ms)

========================================================================
Received Prepare
Default GameObject Tag: MainCamera already registered

Default GameObject Tag: Player already registered

Registering precompiled user dll's ...
Registered in 0.007219 seconds.
Begin MonoManager ReloadAssembly
Native extension for LinuxStandalone target not found
Native extension for WindowsStandalone target not found
Native extension for OSXStandalone target not found
Refreshing native plugins compatible for Editor in 0.56 ms, found 2 plugins.
Preloading 0 native plugins for Editor in 0.00 ms.
Invoked RoslynAnalysisRunner static constructor.
RoslynAnalysisRunner will not be running.
RoslynAnalysisRunner has terminated.
Mono: successfully reloaded assembly
- Completed reload, in  1.886 seconds
Platform modules already initialized, skipping
Refreshing native plugins compatible for Editor in 0.65 ms, found 2 plugins.
Preloading 0 native plugins for Editor in 0.00 ms.
Unloading 1927 Unused Serialized files (Serialized files now loaded: 0)
System memory in use before: 83.3 MB.
System memory in use after: 83.4 MB.

Unloading 35 unused Assets to reduce memory usage. Loaded Objects now: 2412.
Total: 2.602100 ms (FindLiveObjects: 0.228600 ms CreateObjectMapping: 0.043700 ms MarkObjects: 2.300000 ms  DeleteObjects: 0.028300 ms)

========================================================================
Received Prepare
Default GameObject Tag: MainCamera already registered

Default GameObject Tag: Player already registered

Refreshing native plugins compatible for Editor in 12.50 ms, found 2 plugins.
Preloading 0 native plugins for Editor in 0.00 ms.
Unloading 33 Unused Serialized files (Serialized files now loaded: 0)
System memory in use before: 46.1 MB.
System memory in use after: 46.2 MB.

Unloading 33 unused Assets to reduce memory usage. Loaded Objects now: 2412.
Total: 2.598600 ms (FindLiveObjects: 0.194400 ms CreateObjectMapping: 0.044300 ms MarkObjects: 2.332100 ms  DeleteObjects: 0.026700 ms)

========================================================================
Received Prepare
Default GameObject Tag: MainCamera already registered

Default GameObject Tag: Player already registered

Refreshing native plugins compatible for Editor in 10.94 ms, found 2 plugins.
Preloading 0 native plugins for Editor in 0.00 ms.
Unloading 33 Unused Serialized files (Serialized files now loaded: 0)
System memory in use before: 46.3 MB.
System memory in use after: 46.4 MB.

Unloading 33 unused Assets to reduce memory usage. Loaded Objects now: 2412.
Total: 2.318900 ms (FindLiveObjects: 0.197100 ms CreateObjectMapping: 0.047100 ms MarkObjects: 2.055600 ms  DeleteObjects: 0.018400 ms)

========================================================================
Received Prepare
Default GameObject Tag: MainCamera already registered

Default GameObject Tag: Player already registered

Refreshing native plugins compatible for Editor in 12.93 ms, found 2 plugins.
Preloading 0 native plugins for Editor in 0.00 ms.
Unloading 33 Unused Serialized files (Serialized files now loaded: 0)
System memory in use before: 46.3 MB.
System memory in use after: 46.4 MB.

Unloading 33 unused Assets to reduce memory usage. Loaded Objects now: 2412.
Total: 3.387400 ms (FindLiveObjects: 0.328000 ms CreateObjectMapping: 0.047500 ms MarkObjects: 2.975400 ms  DeleteObjects: 0.034500 ms)

========================================================================
Received Prepare
Default GameObject Tag: MainCamera already registered

Default GameObject Tag: Player already registered

Refreshing native plugins compatible for Editor in 11.39 ms, found 2 plugins.
Preloading 0 native plugins for Editor in 0.00 ms.
Unloading 33 Unused Serialized files (Serialized files now loaded: 0)
System memory in use before: 46.6 MB.
System memory in use after: 46.7 MB.

Unloading 33 unused Assets to reduce memory usage. Loaded Objects now: 2412.
Total: 2.798800 ms (FindLiveObjects: 0.334200 ms CreateObjectMapping: 0.078600 ms MarkObjects: 2.360700 ms  DeleteObjects: 0.023700 ms)

========================================================================
Received Prepare
Default GameObject Tag: MainCamera already registered

Default GameObject Tag: Player already registered

Registering precompiled user dll's ...
Registered in 0.010229 seconds.
Begin MonoManager ReloadAssembly
Native extension for LinuxStandalone target not found
Native extension for WindowsStandalone target not found
Native extension for OSXStandalone target not found
Refreshing native plugins compatible for Editor in 0.81 ms, found 2 plugins.
Preloading 0 native plugins for Editor in 0.00 ms.
Invoked RoslynAnalysisRunner static constructor.
RoslynAnalysisRunner will not be running.
RoslynAnalysisRunner has terminated.
Mono: successfully reloaded assembly
- Completed reload, in  2.422 seconds
Platform modules already initialized, skipping
Refreshing native plugins compatible for Editor in 0.60 ms, found 2 plugins.
Preloading 0 native plugins for Editor in 0.00 ms.
Unloading 1927 Unused Serialized files (Serialized files now loaded: 0)
System memory in use before: 84.1 MB.
System memory in use after: 84.3 MB.

Unloading 35 unused Assets to reduce memory usage. Loaded Objects now: 2414.
Total: 2.554300 ms (FindLiveObjects: 0.218500 ms CreateObjectMapping: 0.045800 ms MarkObjects: 2.256100 ms  DeleteObjects: 0.032400 ms)

========================================================================
Received Import Request.
  Time since last request: 216.388385 seconds.
  path: Assets/WeaverCore
  artifactKey: Guid(752fedeabfa65d34cb5eb7376e8b772e) Importer(815301076,1909f56bfc062723c751e8b465ee728b)
Start importing Assets/WeaverCore using Guid(752fedeabfa65d34cb5eb7376e8b772e) Importer(815301076,1909f56bfc062723c751e8b465ee728b)  -> (artifact id: '8fd8c41d4c0dc62edd2346edacd7d150') in 0.006585 seconds
  Import took 0.010152 seconds .

========================================================================
Received Import Request.
  Time since last request: 0.005658 seconds.
  path: Assets/WeaverCore
  artifactKey: Guid(752fedeabfa65d34cb5eb7376e8b772e) Importer(815301076,1909f56bfc062723c751e8b465ee728b)
Start importing Assets/WeaverCore using Guid(752fedeabfa65d34cb5eb7376e8b772e) Importer(815301076,1909f56bfc062723c751e8b465ee728b)  -> (artifact id: '8fd8c41d4c0dc62edd2346edacd7d150') in 0.002652 seconds
  Import took 0.005762 seconds .

========================================================================
Received Prepare
Default GameObject Tag: MainCamera already registered

Default GameObject Tag: Player already registered

Registering precompiled user dll's ...
Registered in 0.009577 seconds.
Begin MonoManager ReloadAssembly
Native extension for LinuxStandalone target not found
Native extension for WindowsStandalone target not found
Native extension for OSXStandalone target not found
Refreshing native plugins compatible for Editor in 0.69 ms, found 2 plugins.
Preloading 0 native plugins for Editor in 0.00 ms.
Invoked RoslynAnalysisRunner static constructor.
RoslynAnalysisRunner will not be running.
RoslynAnalysisRunner has terminated.
Mono: successfully reloaded assembly
- Completed reload, in  1.975 seconds
Platform modules already initialized, skipping
Refreshing native plugins compatible for Editor in 0.71 ms, found 2 plugins.
Preloading 0 native plugins for Editor in 0.00 ms.
Unloading 1927 Unused Serialized files (Serialized files now loaded: 0)
System memory in use before: 84.3 MB.
System memory in use after: 84.4 MB.

Unloading 35 unused Assets to reduce memory usage. Loaded Objects now: 2416.
Total: 3.823700 ms (FindLiveObjects: 0.235700 ms CreateObjectMapping: 0.046100 ms MarkObjects: 3.501400 ms  DeleteObjects: 0.039000 ms)

========================================================================
Received Prepare
Default GameObject Tag: MainCamera already registered

Default GameObject Tag: Player already registered

Refreshing native plugins compatible for Editor in 13.75 ms, found 2 plugins.
Preloading 0 native plugins for Editor in 0.00 ms.
Unloading 33 Unused Serialized files (Serialized files now loaded: 0)
System memory in use before: 47.1 MB.
System memory in use after: 47.2 MB.

Unloading 33 unused Assets to reduce memory usage. Loaded Objects now: 2416.
Total: 3.868800 ms (FindLiveObjects: 0.328500 ms CreateObjectMapping: 0.048400 ms MarkObjects: 3.452500 ms  DeleteObjects: 0.037000 ms)

========================================================================
Received Prepare
Default GameObject Tag: MainCamera already registered

Default GameObject Tag: Player already registered

Refreshing native plugins compatible for Editor in 12.59 ms, found 2 plugins.
Preloading 0 native plugins for Editor in 0.00 ms.
Unloading 33 Unused Serialized files (Serialized files now loaded: 0)
System memory in use before: 47.3 MB.
System memory in use after: 47.4 MB.

Unloading 33 unused Assets to reduce memory usage. Loaded Objects now: 2416.
Total: 3.834800 ms (FindLiveObjects: 0.321000 ms CreateObjectMapping: 0.076400 ms MarkObjects: 3.404400 ms  DeleteObjects: 0.031200 ms)

========================================================================
Received Prepare
Default GameObject Tag: MainCamera already registered

Default GameObject Tag: Player already registered

Refreshing native plugins compatible for Editor in 12.63 ms, found 2 plugins.
Preloading 0 native plugins for Editor in 0.00 ms.
Unloading 33 Unused Serialized files (Serialized files now loaded: 0)
System memory in use before: 47.3 MB.
System memory in use after: 47.5 MB.

Unloading 33 unused Assets to reduce memory usage. Loaded Objects now: 2416.
Total: 3.526700 ms (FindLiveObjects: 0.282300 ms CreateObjectMapping: 0.046900 ms MarkObjects: 3.160600 ms  DeleteObjects: 0.034600 ms)

========================================================================
Received Prepare
Default GameObject Tag: MainCamera already registered

Default GameObject Tag: Player already registered

Refreshing native plugins compatible for Editor in 12.47 ms, found 2 plugins.
Preloading 0 native plugins for Editor in 0.00 ms.
Unloading 33 Unused Serialized files (Serialized files now loaded: 0)
System memory in use before: 46.6 MB.
System memory in use after: 46.7 MB.

Unloading 33 unused Assets to reduce memory usage. Loaded Objects now: 2416.
Total: 3.230100 ms (FindLiveObjects: 0.318900 ms CreateObjectMapping: 0.072000 ms MarkObjects: 2.809500 ms  DeleteObjects: 0.028200 ms)

========================================================================
Received Prepare
Default GameObject Tag: MainCamera already registered

Default GameObject Tag: Player already registered

Refreshing native plugins compatible for Editor in 12.39 ms, found 2 plugins.
Preloading 0 native plugins for Editor in 0.00 ms.
Unloading 33 Unused Serialized files (Serialized files now loaded: 0)
System memory in use before: 46.8 MB.
System memory in use after: 46.9 MB.

Unloading 33 unused Assets to reduce memory usage. Loaded Objects now: 2416.
Total: 3.257500 ms (FindLiveObjects: 0.338900 ms CreateObjectMapping: 0.074000 ms MarkObjects: 2.819600 ms  DeleteObjects: 0.023000 ms)

========================================================================
Received Prepare
Default GameObject Tag: MainCamera already registered

Default GameObject Tag: Player already registered

Refreshing native plugins compatible for Editor in 12.26 ms, found 2 plugins.
Preloading 0 native plugins for Editor in 0.00 ms.
Unloading 33 Unused Serialized files (Serialized files now loaded: 0)
System memory in use before: 46.9 MB.
System memory in use after: 47.0 MB.

Unloading 33 unused Assets to reduce memory usage. Loaded Objects now: 2416.
Total: 2.638400 ms (FindLiveObjects: 0.243400 ms CreateObjectMapping: 0.043800 ms MarkObjects: 2.327500 ms  DeleteObjects: 0.022300 ms)

========================================================================
Received Prepare
Default GameObject Tag: MainCamera already registered

Default GameObject Tag: Player already registered

Registering precompiled user dll's ...
Registered in 0.007121 seconds.
Begin MonoManager ReloadAssembly
Native extension for LinuxStandalone target not found
Native extension for WindowsStandalone target not found
Native extension for OSXStandalone target not found
Refreshing native plugins compatible for Editor in 0.62 ms, found 2 plugins.
Preloading 0 native plugins for Editor in 0.00 ms.
Invoked RoslynAnalysisRunner static constructor.
RoslynAnalysisRunner will not be running.
RoslynAnalysisRunner has terminated.
Mono: successfully reloaded assembly
- Completed reload, in  1.961 seconds
Platform modules already initialized, skipping
Refreshing native plugins compatible for Editor in 0.75 ms, found 2 plugins.
Preloading 0 native plugins for Editor in 0.00 ms.
Unloading 1927 Unused Serialized files (Serialized files now loaded: 0)
System memory in use before: 84.4 MB.
System memory in use after: 84.6 MB.

Unloading 35 unused Assets to reduce memory usage. Loaded Objects now: 2418.
Total: 3.532400 ms (FindLiveObjects: 0.315400 ms CreateObjectMapping: 0.065300 ms MarkObjects: 3.115000 ms  DeleteObjects: 0.035000 ms)

========================================================================
Received Prepare
Default GameObject Tag: MainCamera already registered

Default GameObject Tag: Player already registered

Registering precompiled user dll's ...
Registered in 0.007142 seconds.
Begin MonoManager ReloadAssembly
Native extension for LinuxStandalone target not found
Native extension for WindowsStandalone target not found
Native extension for OSXStandalone target not found
Refreshing native plugins compatible for Editor in 0.57 ms, found 2 plugins.
Preloading 0 native plugins for Editor in 0.00 ms.
Invoked RoslynAnalysisRunner static constructor.
RoslynAnalysisRunner will not be running.
RoslynAnalysisRunner has terminated.
Mono: successfully reloaded assembly
- Completed reload, in  1.973 seconds
Platform modules already initialized, skipping
Refreshing native plugins compatible for Editor in 0.57 ms, found 2 plugins.
Preloading 0 native plugins for Editor in 0.00 ms.
Unloading 1927 Unused Serialized files (Serialized files now loaded: 0)
System memory in use before: 84.6 MB.
System memory in use after: 84.7 MB.

Unloading 35 unused Assets to reduce memory usage. Loaded Objects now: 2420.
Total: 2.334400 ms (FindLiveObjects: 0.191500 ms CreateObjectMapping: 0.043200 ms MarkObjects: 2.078300 ms  DeleteObjects: 0.020400 ms)

